2024-02-21 14:21:17,802 DEBUG    root            Loaded Command Group: ['gcloud', 'components']
2024-02-21 14:21:17,805 DEBUG    root            Loaded Command Group: ['gcloud', 'components', 'update']
2024-02-21 14:21:17,808 DEBUG    root            Running [gcloud.components.update] with arguments: [--quiet: "True", COMPONENT-IDS:8: "['gcloud', 'core', 'bq', 'gsutil', 'compute', 'preview', 'alpha', 'beta']"]
2024-02-21 14:21:17,809 INFO     ___FILE_ONLY___ Beginning update. This process may take several minutes.

2024-02-21 14:21:17,814 DEBUG    urllib3.connectionpool Starting new HTTPS connection (1): dl.google.com:443
2024-02-21 14:21:17,873 DEBUG    urllib3.connectionpool https://dl.google.com:443 "GET /dl/cloudsdk/channels/rapid/components-2.json HTTP/1.1" 200 214445
2024-02-21 14:21:17,895 WARNING  root            Component [preview] no longer exists.
2024-02-21 14:21:17,895 WARNING  root            Component [compute] no longer exists.
2024-02-21 14:21:17,897 INFO     ___FILE_ONLY___ 

2024-02-21 14:21:17,897 INFO     ___FILE_ONLY___ 
Your current Google Cloud CLI version is: 464.0.0

2024-02-21 14:21:17,897 INFO     ___FILE_ONLY___ Installing components from version: 464.0.0

2024-02-21 14:21:17,897 INFO     ___FILE_ONLY___ 

2024-02-21 14:21:17,897 DEBUG    root            Chosen display Format:table[box,title="These components will be removed."](details.display_name:label=Name:align=left,version.version_string:label=Version:align=right,data.size.size(zero="",min=1048576):label=Size:align=right)
2024-02-21 14:21:17,898 DEBUG    root            Chosen display Format:table[box,title="These components will be updated."](details.display_name:label=Name:align=left,version.version_string:label=Version:align=right,data.size.size(zero="",min=1048576):label=Size:align=right)
2024-02-21 14:21:17,899 DEBUG    root            Chosen display Format:table[box,title="These components will be installed."](details.display_name:label=Name:align=left,version.version_string:label=Version:align=right,data.size.size(zero="",min=1048576):label=Size:align=right)
2024-02-21 14:21:17,901 INFO     ___FILE_ONLY___ ┌──────────────────────────────────────────────┐
2024-02-21 14:21:17,901 INFO     ___FILE_ONLY___ 

2024-02-21 14:21:17,901 INFO     ___FILE_ONLY___ │     These components will be installed.      │
2024-02-21 14:21:17,901 INFO     ___FILE_ONLY___ 

2024-02-21 14:21:17,901 INFO     ___FILE_ONLY___ ├───────────────────────┬────────────┬─────────┤
2024-02-21 14:21:17,901 INFO     ___FILE_ONLY___ 

2024-02-21 14:21:17,901 INFO     ___FILE_ONLY___ │          Name         │  Version   │   Size  │
2024-02-21 14:21:17,901 INFO     ___FILE_ONLY___ 

2024-02-21 14:21:17,901 INFO     ___FILE_ONLY___ ├───────────────────────┼────────────┼─────────┤
2024-02-21 14:21:17,901 INFO     ___FILE_ONLY___ 

2024-02-21 14:21:17,901 INFO     ___FILE_ONLY___ │ 
2024-02-21 14:21:17,902 INFO     ___FILE_ONLY___ gcloud Alpha Commands
2024-02-21 14:21:17,902 INFO     ___FILE_ONLY___  
2024-02-21 14:21:17,902 INFO     ___FILE_ONLY___ │ 
2024-02-21 14:21:17,902 INFO     ___FILE_ONLY___ 2024.02.09
2024-02-21 14:21:17,902 INFO     ___FILE_ONLY___  
2024-02-21 14:21:17,902 INFO     ___FILE_ONLY___ │ 
2024-02-21 14:21:17,902 INFO     ___FILE_ONLY___ < 1 MiB
2024-02-21 14:21:17,902 INFO     ___FILE_ONLY___  
2024-02-21 14:21:17,902 INFO     ___FILE_ONLY___ │
2024-02-21 14:21:17,902 INFO     ___FILE_ONLY___ 

2024-02-21 14:21:17,902 INFO     ___FILE_ONLY___ │ 
2024-02-21 14:21:17,902 INFO     ___FILE_ONLY___ gcloud Beta Commands 
2024-02-21 14:21:17,902 INFO     ___FILE_ONLY___  
2024-02-21 14:21:17,902 INFO     ___FILE_ONLY___ │ 
2024-02-21 14:21:17,902 INFO     ___FILE_ONLY___ 2024.02.09
2024-02-21 14:21:17,903 INFO     ___FILE_ONLY___  
2024-02-21 14:21:17,903 INFO     ___FILE_ONLY___ │ 
2024-02-21 14:21:17,903 INFO     ___FILE_ONLY___ < 1 MiB
2024-02-21 14:21:17,903 INFO     ___FILE_ONLY___  
2024-02-21 14:21:17,903 INFO     ___FILE_ONLY___ │
2024-02-21 14:21:17,903 INFO     ___FILE_ONLY___ 

2024-02-21 14:21:17,903 INFO     ___FILE_ONLY___ └───────────────────────┴────────────┴─────────┘
2024-02-21 14:21:17,903 INFO     ___FILE_ONLY___ 

2024-02-21 14:21:17,903 INFO     ___FILE_ONLY___ 

2024-02-21 14:21:17,907 DEBUG    urllib3.connectionpool Starting new HTTPS connection (1): dl.google.com:443
2024-02-21 14:21:18,091 DEBUG    urllib3.connectionpool https://dl.google.com:443 "GET /dl/cloudsdk/channels/rapid/RELEASE_NOTES HTTP/1.1" 200 1152492
2024-02-21 14:21:18,164 INFO     ___FILE_ONLY___ For the latest full release notes, please visit:
  https://cloud.google.com/sdk/release_notes


2024-02-21 14:21:18,167 INFO     ___FILE_ONLY___ ╔════════════════════════════════════════════════════════════╗

2024-02-21 14:21:18,167 INFO     ___FILE_ONLY___ ╠═ Creating update staging area                             ═╣

2024-02-21 14:21:18,167 INFO     ___FILE_ONLY___ ╚
2024-02-21 14:21:18,167 INFO     ___FILE_ONLY___ ══════
2024-02-21 14:21:19,136 INFO     ___FILE_ONLY___ ══════
2024-02-21 14:21:19,137 INFO     ___FILE_ONLY___ ══════
2024-02-21 14:21:19,475 INFO     ___FILE_ONLY___ ═
2024-02-21 14:21:19,549 INFO     ___FILE_ONLY___ ═
2024-02-21 14:21:19,625 INFO     ___FILE_ONLY___ ═
2024-02-21 14:21:19,715 INFO     ___FILE_ONLY___ ═
2024-02-21 14:21:19,851 INFO     ___FILE_ONLY___ ═
2024-02-21 14:21:19,962 INFO     ___FILE_ONLY___ ═
2024-02-21 14:21:20,073 INFO     ___FILE_ONLY___ ═
2024-02-21 14:21:20,160 INFO     ___FILE_ONLY___ ═
2024-02-21 14:21:20,412 INFO     ___FILE_ONLY___ ═
2024-02-21 14:21:20,577 INFO     ___FILE_ONLY___ ═
2024-02-21 14:21:20,719 INFO     ___FILE_ONLY___ ═
2024-02-21 14:21:21,288 INFO     ___FILE_ONLY___ ═
2024-02-21 14:21:21,355 INFO     ___FILE_ONLY___ ═
2024-02-21 14:21:21,668 INFO     ___FILE_ONLY___ ═
2024-02-21 14:21:21,740 INFO     ___FILE_ONLY___ ═
2024-02-21 14:21:21,808 INFO     ___FILE_ONLY___ ═
2024-02-21 14:21:21,883 INFO     ___FILE_ONLY___ ═
2024-02-21 14:21:21,952 INFO     ___FILE_ONLY___ ═
2024-02-21 14:21:22,022 INFO     ___FILE_ONLY___ ═
2024-02-21 14:21:22,084 INFO     ___FILE_ONLY___ ═
2024-02-21 14:21:22,150 INFO     ___FILE_ONLY___ ═
2024-02-21 14:21:22,220 INFO     ___FILE_ONLY___ ═
2024-02-21 14:21:22,301 INFO     ___FILE_ONLY___ ═
2024-02-21 14:21:22,400 INFO     ___FILE_ONLY___ ═
2024-02-21 14:21:22,480 INFO     ___FILE_ONLY___ ═
2024-02-21 14:21:22,538 INFO     ___FILE_ONLY___ ═
2024-02-21 14:21:22,622 INFO     ___FILE_ONLY___ ═
2024-02-21 14:21:22,690 INFO     ___FILE_ONLY___ ═
2024-02-21 14:21:22,767 INFO     ___FILE_ONLY___ ═
2024-02-21 14:21:22,838 INFO     ___FILE_ONLY___ ═
2024-02-21 14:21:22,923 INFO     ___FILE_ONLY___ ═
2024-02-21 14:21:22,988 INFO     ___FILE_ONLY___ ═
2024-02-21 14:21:23,053 INFO     ___FILE_ONLY___ ═
2024-02-21 14:21:23,126 INFO     ___FILE_ONLY___ ═
2024-02-21 14:21:23,190 INFO     ___FILE_ONLY___ ═
2024-02-21 14:21:23,379 INFO     ___FILE_ONLY___ ═
2024-02-21 14:21:23,478 INFO     ___FILE_ONLY___ ═
2024-02-21 14:21:23,579 INFO     ___FILE_ONLY___ ═
2024-02-21 14:21:23,664 INFO     ___FILE_ONLY___ ═
2024-02-21 14:21:23,710 INFO     ___FILE_ONLY___ ═
2024-02-21 14:21:23,754 INFO     ___FILE_ONLY___ ═
2024-02-21 14:21:23,806 INFO     ___FILE_ONLY___ ═
2024-02-21 14:21:23,806 INFO     ___FILE_ONLY___ ╝

2024-02-21 14:21:26,331 INFO     ___FILE_ONLY___ ╔════════════════════════════════════════════════════════════╗

2024-02-21 14:21:26,332 INFO     ___FILE_ONLY___ ╠═ Installing: gcloud Alpha Commands                        ═╣

2024-02-21 14:21:26,332 INFO     ___FILE_ONLY___ ╚
2024-02-21 14:21:26,336 DEBUG    urllib3.connectionpool Starting new HTTPS connection (1): dl.google.com:443
2024-02-21 14:21:26,394 DEBUG    urllib3.connectionpool https://dl.google.com:443 "GET /dl/cloudsdk/channels/rapid/components/google-cloud-sdk-alpha-20240209195330.tar.gz HTTP/1.1" 200 800
2024-02-21 14:21:26,395 INFO     ___FILE_ONLY___ ══════════════════════════════
2024-02-21 14:21:26,397 INFO     ___FILE_ONLY___ ══════════════════════════════
2024-02-21 14:21:26,397 INFO     ___FILE_ONLY___ ╝

2024-02-21 14:21:26,406 INFO     ___FILE_ONLY___ ╔════════════════════════════════════════════════════════════╗

2024-02-21 14:21:26,406 INFO     ___FILE_ONLY___ ╠═ Installing: gcloud Beta Commands                         ═╣

2024-02-21 14:21:26,406 INFO     ___FILE_ONLY___ ╚
2024-02-21 14:21:26,410 DEBUG    urllib3.connectionpool Starting new HTTPS connection (1): dl.google.com:443
2024-02-21 14:21:26,468 DEBUG    urllib3.connectionpool https://dl.google.com:443 "GET /dl/cloudsdk/channels/rapid/components/google-cloud-sdk-beta-20240209195330.tar.gz HTTP/1.1" 200 797
2024-02-21 14:21:26,469 INFO     ___FILE_ONLY___ ══════════════════════════════
2024-02-21 14:21:26,470 INFO     ___FILE_ONLY___ ══════════════════════════════
2024-02-21 14:21:26,470 INFO     ___FILE_ONLY___ ╝

2024-02-21 14:21:26,478 INFO     ___FILE_ONLY___ ╔════════════════════════════════════════════════════════════╗

2024-02-21 14:21:26,479 INFO     ___FILE_ONLY___ ╠═ Creating backup and activating new installation          ═╣

2024-02-21 14:21:26,479 INFO     ___FILE_ONLY___ ╚
2024-02-21 14:21:26,479 DEBUG    root            Attempting to move directory [/tools/google-cloud-sdk] to [/tools/google-cloud-sdk.staging/.install/.backup]
2024-02-21 14:21:26,479 INFO     ___FILE_ONLY___ ══════════════════════════════
2024-02-21 14:21:26,479 DEBUG    root            Attempting to move directory [/tools/google-cloud-sdk.staging] to [/tools/google-cloud-sdk]
2024-02-21 14:21:26,479 INFO     ___FILE_ONLY___ ══════════════════════════════
2024-02-21 14:21:26,479 INFO     ___FILE_ONLY___ ╝

2024-02-21 14:21:26,484 DEBUG    root            Updating notification cache...
2024-02-21 14:21:26,484 INFO     ___FILE_ONLY___ 

2024-02-21 14:21:26,486 INFO     ___FILE_ONLY___ Performing post processing steps...
2024-02-21 14:21:26,487 DEBUG    root            Executing command: ['python3', '-S', '/tools/google-cloud-sdk/lib/gcloud.py', 'components', 'post-process']
2024-02-21 14:21:36,754 DEBUG    ___FILE_ONLY___ 
2024-02-21 14:21:36,755 DEBUG    ___FILE_ONLY___ 
2024-02-21 14:21:37,003 INFO     ___FILE_ONLY___ 
Update done!


2024-02-21 14:21:37,007 DEBUG    root            Chosen display Format:none
2024-02-21 14:21:37,007 INFO     root            Display format: "none"
